<?xml version="1.0" encoding="UTF-8"?>
<!-- Generated by org.testng.reporters.JUnitReportReporter -->
<testsuite hostname="MSI" failures="0" tests="1" name="practise.pom.repository.SampleTestWithPOM" time="4.185" errors="0" timestamp="06 Feb 2025 13:07:41 GMT" skipped="0">
  <testcase classname="practise.pom.repository.SampleTestWithPOM" name="SampleTest" time="4.185"/>
</testsuite> <!-- practise.pom.repository.SampleTestWithPOM -->
