<?xml version="1.0" encoding="UTF-8"?>
<!-- Generated by org.testng.reporters.JUnitReportReporter -->
<testsuite hostname="MSI" failures="0" tests="1" name="com.TestNGProgram.SampleReportTest" time="0.504" errors="0" timestamp="14 Feb 2025 11:24:28 GMT" skipped="0">
  <testcase classname="com.TestNGProgram.SampleReportTest" name="createContactTest" time="0.504"/>
</testsuite> <!-- com.TestNGProgram.SampleReportTest -->
