<?xml version="1.0" encoding="UTF-8"?>
<!-- Generated by org.testng.reporters.JUnitReportReporter -->
<testsuite hostname="MSI" failures="0" tests="1" name="com.comcast.crm.orgtest.BasicTesting" time="3.595" errors="0" timestamp="11 Feb 2025 09:29:54 GMT" skipped="0">
  <testcase classname="com.comcast.crm.orgtest.BasicTesting" name="testing" time="3.595"/>
</testsuite> <!-- com.comcast.crm.orgtest.BasicTesting -->
