<?xml version="1.0" encoding="UTF-8"?>
<!-- Generated by org.testng.reporters.JUnitReportReporter -->
<testsuite hostname="MSI" failures="0" tests="1" name="com.TestNGProgram.CreateContactTestWithScreenshot" time="1.996" errors="0" timestamp="14 Feb 2025 12:21:28 GMT" skipped="0">
  <testcase classname="com.TestNGProgram.CreateContactTestWithScreenshot" name="createContactTestSS" time="1.996"/>
</testsuite> <!-- com.TestNGProgram.CreateContactTestWithScreenshot -->
